<?xml version="1.0" encoding="UTF-8" standalone="no"?>
<testsuite errors="0" failures="0" name="io.cucumber.core.plugin.JUnitFormatter" skipped="0" tests="46" time="46.446">
    <testcase classname="IM.013-001: inventory/transaction/chasc - Inventory CHASC input validation" name="IM.013-001-0001: CHASC fails, if the idSite is empty." time="0.897">
        <system-out><![CDATA[Given set global: idSite = "RL1", idClient = "RK2"..........................passed
Given a quantum from storage location "QUELLE-LAG"-"Q-001" with 100 pieces of article "WT-XP3" has to be created.passed
And the target location is "H01-KLAER"-"K-101"..............................passed
And the artvar is "1" and stock type is "AV" and lock type is "------" and QC status is "00" and customs status is "00".passed
And CREQU is called.........................................................passed
And CREQU was successful, saved as "Qu"; transaction saved as "Transaction".passed
When CHASC is used to change quantum ="Qu" with stock type ="AV" and lock type ="MALOCK".passed
And CHASC input has: idSite = null..........................................passed
And CHASC is called.........................................................passed
Then WEBSERVICE fails: error = "BEND-0005"..................................passed
Then delete quantum "Qu"....................................................passed
]]></system-out>
    </testcase>
    <testcase classname="IM.013-001: inventory/transaction/chasc - Inventory CHASC input validation" name="IM.013-001-0002: CHASC fails, if the clProcess is empty." time="0.207">
        <system-out><![CDATA[Given set global: idSite = "RL1", idClient = "RK2"..........................passed
Given a quantum from storage location "QUELLE-LAG"-"Q-001" with 100 pieces of article "WT-XP3" has to be created.passed
And the target location is "H01-KLAER"-"K-101"..............................passed
And the artvar is "1" and stock type is "AV" and lock type is "------" and QC status is "00" and customs status is "00".passed
And CREQU is called.........................................................passed
And CREQU was successful, saved as "Qu"; transaction saved as "Transaction".passed
When CHASC is used to change quantum ="Qu" with stock type ="AV" and lock type ="MALOCK".passed
And CHASC input has: clProcess = null.......................................passed
And CHASC is called.........................................................passed
Then WEBSERVICE fails: error = "BEND-0005"..................................passed
Then delete quantum "Qu"....................................................passed
]]></system-out>
    </testcase>
    <testcase classname="IM.013-001: inventory/transaction/chasc - Inventory CHASC input validation" name="IM.013-001-0003: CHASC fails, if the typProcess is empty." time="0.198">
        <system-out><![CDATA[Given set global: idSite = "RL1", idClient = "RK2"..........................passed
Given a quantum from storage location "QUELLE-LAG"-"Q-001" with 100 pieces of article "WT-XP3" has to be created.passed
And the target location is "H01-KLAER"-"K-101"..............................passed
And the artvar is "1" and stock type is "AV" and lock type is "------" and QC status is "00" and customs status is "00".passed
And CREQU is called.........................................................passed
And CREQU was successful, saved as "Qu"; transaction saved as "Transaction".passed
When CHASC is used to change quantum ="Qu" with stock type ="AV" and lock type ="MALOCK".passed
And CHASC input has: typProcess = null......................................passed
And CHASC is called.........................................................passed
Then WEBSERVICE fails: error = "BEND-0005"..................................passed
Then delete quantum "Qu"....................................................passed
]]></system-out>
    </testcase>
    <testcase classname="IM.013-001: inventory/transaction/chasc - Inventory CHASC input validation" name="IM.013-001-0004: CHASC fails, if the stepProcess is empty." time="0.188">
        <system-out><![CDATA[Given set global: idSite = "RL1", idClient = "RK2"..........................passed
Given a quantum from storage location "QUELLE-LAG"-"Q-001" with 100 pieces of article "WT-XP3" has to be created.passed
And the target location is "H01-KLAER"-"K-101"..............................passed
And the artvar is "1" and stock type is "AV" and lock type is "------" and QC status is "00" and customs status is "00".passed
And CREQU is called.........................................................passed
And CREQU was successful, saved as "Qu"; transaction saved as "Transaction".passed
When CHASC is used to change quantum ="Qu" with stock type ="AV" and lock type ="MALOCK".passed
And CHASC input has: stepProcess = null.....................................passed
And CHASC is called.........................................................passed
Then WEBSERVICE fails: error = "BEND-0005"..................................passed
Then delete quantum "Qu"....................................................passed
]]></system-out>
    </testcase>
    <testcase classname="IM.013-001: inventory/transaction/chasc - Inventory CHASC input validation" name="IM.013-001-0005: CHASC fails, if the key is empty." time="0.187">
        <system-out><![CDATA[Given set global: idSite = "RL1", idClient = "RK2"..........................passed
Given a quantum from storage location "QUELLE-LAG"-"Q-001" with 100 pieces of article "WT-XP3" has to be created.passed
And the target location is "H01-KLAER"-"K-101"..............................passed
And the artvar is "1" and stock type is "AV" and lock type is "------" and QC status is "00" and customs status is "00".passed
And CREQU is called.........................................................passed
And CREQU was successful, saved as "Qu"; transaction saved as "Transaction".passed
When CHASC is used to change quantum ="Qu" with stock type ="AV" and lock type ="MALOCK".passed
And CHASC input has: key = null.............................................passed
And CHASC is called.........................................................passed
Then WEBSERVICE fails: error = "BEND-0005"..................................passed
Then delete quantum "Qu"....................................................passed
]]></system-out>
    </testcase>
    <testcase classname="IM.013-001: inventory/transaction/chasc - Inventory CHASC input validation" name="IM.013-001-0006: CHASC fails, if the idUser is empty." time="0.19">
        <system-out><![CDATA[Given set global: idSite = "RL1", idClient = "RK2"..........................passed
Given a quantum from storage location "QUELLE-LAG"-"Q-001" with 100 pieces of article "WT-XP3" has to be created.passed
And the target location is "H01-KLAER"-"K-101"..............................passed
And the artvar is "1" and stock type is "AV" and lock type is "------" and QC status is "00" and customs status is "00".passed
And CREQU is called.........................................................passed
And CREQU was successful, saved as "Qu"; transaction saved as "Transaction".passed
When CHASC is used to change quantum ="Qu" with stock type ="AV" and lock type ="MALOCK".passed
And CHASC input has: idUser = null..........................................passed
And CHASC is called.........................................................passed
Then WEBSERVICE fails: error = "BEND-0005"..................................passed
Then delete quantum "Qu"....................................................passed
]]></system-out>
    </testcase>
    <testcase classname="IM.013-001: inventory/transaction/chasc - Inventory CHASC input validation" name="IM.013-001-0007: CHASC fails, if the  references are filled inconsistently" time="0.204">
        <system-out><![CDATA[Given set global: idSite = "RL1", idClient = "RK2"..........................passed
Given a quantum from storage location "QUELLE-LAG"-"Q-001" with 100 pieces of article "WT-XP3" has to be created.passed
And the target location is "H01-KLAER"-"K-101"..............................passed
And the artvar is "1" and stock type is "AV" and lock type is "------" and QC status is "00" and customs status is "00".passed
And CREQU is called.........................................................passed
And CREQU was successful, saved as "Qu"; transaction saved as "Transaction".passed
When CHASC is used to change quantum ="Qu" with stock type ="AV" and lock type ="MALOCK".passed
And CHASC input has References: typRef = null, idRef1 = "test", idRef2 = null, idRef3 = null, idRef4 = null, idRef5 = null, idRef6 = null.passed
And CHASC is called.........................................................passed
Then WEBSERVICE fails: error = "BWM-0008"...................................passed
Then delete quantum "Qu"....................................................passed
]]></system-out>
    </testcase>
    <testcase classname="IM.013-001: inventory/transaction/chasc - Inventory CHASC input validation" name="IM.013-001-0007: CHASC fails, if the  references are filled inconsistently 2" time="0.181">
        <system-out><![CDATA[Given set global: idSite = "RL1", idClient = "RK2"..........................passed
Given a quantum from storage location "QUELLE-LAG"-"Q-001" with 100 pieces of article "WT-XP3" has to be created.passed
And the target location is "H01-KLAER"-"K-101"..............................passed
And the artvar is "1" and stock type is "AV" and lock type is "------" and QC status is "00" and customs status is "00".passed
And CREQU is called.........................................................passed
And CREQU was successful, saved as "Qu"; transaction saved as "Transaction".passed
When CHASC is used to change quantum ="Qu" with stock type ="AV" and lock type ="MALOCK".passed
And CHASC input has References: typRef = null, idRef1 = null, idRef2 = "test", idRef3 = null, idRef4 = null, idRef5 = null, idRef6 = null.passed
And CHASC is called.........................................................passed
Then WEBSERVICE fails: error = "BWM-0008"...................................passed
Then delete quantum "Qu"....................................................passed
]]></system-out>
    </testcase>
    <testcase classname="IM.013-001: inventory/transaction/chasc - Inventory CHASC input validation" name="IM.013-001-0007: CHASC fails, if the  references are filled inconsistently 3" time="0.174">
        <system-out><![CDATA[Given set global: idSite = "RL1", idClient = "RK2"..........................passed
Given a quantum from storage location "QUELLE-LAG"-"Q-001" with 100 pieces of article "WT-XP3" has to be created.passed
And the target location is "H01-KLAER"-"K-101"..............................passed
And the artvar is "1" and stock type is "AV" and lock type is "------" and QC status is "00" and customs status is "00".passed
And CREQU is called.........................................................passed
And CREQU was successful, saved as "Qu"; transaction saved as "Transaction".passed
When CHASC is used to change quantum ="Qu" with stock type ="AV" and lock type ="MALOCK".passed
And CHASC input has References: typRef = null, idRef1 = null, idRef2 = null, idRef3 = "test", idRef4 = null, idRef5 = null, idRef6 = null.passed
And CHASC is called.........................................................passed
Then WEBSERVICE fails: error = "BWM-0008"...................................passed
Then delete quantum "Qu"....................................................passed
]]></system-out>
    </testcase>
    <testcase classname="IM.013-001: inventory/transaction/chasc - Inventory CHASC input validation" name="IM.013-001-0007: CHASC fails, if the  references are filled inconsistently 4" time="0.191">
        <system-out><![CDATA[Given set global: idSite = "RL1", idClient = "RK2"..........................passed
Given a quantum from storage location "QUELLE-LAG"-"Q-001" with 100 pieces of article "WT-XP3" has to be created.passed
And the target location is "H01-KLAER"-"K-101"..............................passed
And the artvar is "1" and stock type is "AV" and lock type is "------" and QC status is "00" and customs status is "00".passed
And CREQU is called.........................................................passed
And CREQU was successful, saved as "Qu"; transaction saved as "Transaction".passed
When CHASC is used to change quantum ="Qu" with stock type ="AV" and lock type ="MALOCK".passed
And CHASC input has References: typRef = null, idRef1 = null, idRef2 = null, idRef3 = null, idRef4 = "test", idRef5 = null, idRef6 = null.passed
And CHASC is called.........................................................passed
Then WEBSERVICE fails: error = "BWM-0008"...................................passed
Then delete quantum "Qu"....................................................passed
]]></system-out>
    </testcase>
    <testcase classname="IM.013-001: inventory/transaction/chasc - Inventory CHASC input validation" name="IM.013-001-0007: CHASC fails, if the  references are filled inconsistently 5" time="0.166">
        <system-out><![CDATA[Given set global: idSite = "RL1", idClient = "RK2"..........................passed
Given a quantum from storage location "QUELLE-LAG"-"Q-001" with 100 pieces of article "WT-XP3" has to be created.passed
And the target location is "H01-KLAER"-"K-101"..............................passed
And the artvar is "1" and stock type is "AV" and lock type is "------" and QC status is "00" and customs status is "00".passed
And CREQU is called.........................................................passed
And CREQU was successful, saved as "Qu"; transaction saved as "Transaction".passed
When CHASC is used to change quantum ="Qu" with stock type ="AV" and lock type ="MALOCK".passed
And CHASC input has References: typRef = null, idRef1 = null, idRef2 = null, idRef3 = null, idRef4 = null, idRef5 = "test", idRef6 = null.passed
And CHASC is called.........................................................passed
Then WEBSERVICE fails: error = "BWM-0008"...................................passed
Then delete quantum "Qu"....................................................passed
]]></system-out>
    </testcase>
    <testcase classname="IM.013-001: inventory/transaction/chasc - Inventory CHASC input validation" name="IM.013-001-0007: CHASC fails, if the  references are filled inconsistently 6" time="0.195">
        <system-out><![CDATA[Given set global: idSite = "RL1", idClient = "RK2"..........................passed
Given a quantum from storage location "QUELLE-LAG"-"Q-001" with 100 pieces of article "WT-XP3" has to be created.passed
And the target location is "H01-KLAER"-"K-101"..............................passed
And the artvar is "1" and stock type is "AV" and lock type is "------" and QC status is "00" and customs status is "00".passed
And CREQU is called.........................................................passed
And CREQU was successful, saved as "Qu"; transaction saved as "Transaction".passed
When CHASC is used to change quantum ="Qu" with stock type ="AV" and lock type ="MALOCK".passed
And CHASC input has References: typRef = null, idRef1 = null, idRef2 = null, idRef3 = null, idRef4 = null, idRef5 = null, idRef6 = "test".passed
And CHASC is called.........................................................passed
Then WEBSERVICE fails: error = "BWM-0008"...................................passed
Then delete quantum "Qu"....................................................passed
]]></system-out>
    </testcase>
    <testcase classname="IM.013-001: inventory/transaction/chasc - Inventory CHASC input validation" name="IM.013-001-0007: CHASC fails, if the  references are filled inconsistently 7" time="0.173">
        <system-out><![CDATA[Given set global: idSite = "RL1", idClient = "RK2"..........................passed
Given a quantum from storage location "QUELLE-LAG"-"Q-001" with 100 pieces of article "WT-XP3" has to be created.passed
And the target location is "H01-KLAER"-"K-101"..............................passed
And the artvar is "1" and stock type is "AV" and lock type is "------" and QC status is "00" and customs status is "00".passed
And CREQU is called.........................................................passed
And CREQU was successful, saved as "Qu"; transaction saved as "Transaction".passed
When CHASC is used to change quantum ="Qu" with stock type ="AV" and lock type ="MALOCK".passed
And CHASC input has References: typRef = "GI_ORDER", idRef1 = null, idRef2 = "test", idRef3 = "test", idRef4 = "test", idRef5 = "test", idRef6 = "test".passed
And CHASC is called.........................................................passed
Then WEBSERVICE fails: error = "BWM-0008"...................................passed
Then delete quantum "Qu"....................................................passed
]]></system-out>
    </testcase>
    <testcase classname="IM.013-001: inventory/transaction/chasc - Inventory CHASC input validation" name="IM.013-001-0007: CHASC fails, if the  references are filled inconsistently 8" time="0.181">
        <system-out><![CDATA[Given set global: idSite = "RL1", idClient = "RK2"..........................passed
Given a quantum from storage location "QUELLE-LAG"-"Q-001" with 100 pieces of article "WT-XP3" has to be created.passed
And the target location is "H01-KLAER"-"K-101"..............................passed
And the artvar is "1" and stock type is "AV" and lock type is "------" and QC status is "00" and customs status is "00".passed
And CREQU is called.........................................................passed
And CREQU was successful, saved as "Qu"; transaction saved as "Transaction".passed
When CHASC is used to change quantum ="Qu" with stock type ="AV" and lock type ="MALOCK".passed
And CHASC input has References: typRef = "ABC", idRef1 = null, idRef2 = null, idRef3 = null, idRef4 = null, idRef5 = null, idRef6 = null.passed
And CHASC is called.........................................................passed
Then WEBSERVICE fails: error = "BWM-0008"...................................passed
Then delete quantum "Qu"....................................................passed
]]></system-out>
    </testcase>
    <testcase classname="IM.013-001: inventory/transaction/chasc - Inventory CHASC input validation" name="IM.013-001-0008: CHASC fails, if the class-type-step-process combination is invalid" time="0.207">
        <system-out><![CDATA[Given set global: idSite = "RL1", idClient = "RK2"..........................passed
Given a quantum from storage location "QUELLE-LAG"-"Q-001" with 100 pieces of article "WT-XP3" has to be created.passed
And the target location is "H01-KLAER"-"K-101"..............................passed
And the artvar is "1" and stock type is "AV" and lock type is "------" and QC status is "00" and customs status is "00".passed
And CREQU is called.........................................................passed
And CREQU was successful, saved as "Qu"; transaction saved as "Transaction".passed
When CHASC is used to change quantum ="Qu" with stock type ="AV" and lock type ="MALOCK".passed
And CHASC input has: typProcess = "ABC".....................................passed
And CHASC is called.........................................................passed
Then WEBSERVICE fails: error = "IM-0032"....................................passed
Then delete quantum "Qu"....................................................passed
]]></system-out>
    </testcase>
    <testcase classname="IM.013-001: inventory/transaction/chasc - Inventory CHASC input validation" name="IM.013-001-0009: CHASC fails, if idQuantum is empty" time="0.213">
        <system-out><![CDATA[Given set global: idSite = "RL1", idClient = "RK2"..........................passed
Given a quantum from storage location "QUELLE-LAG"-"Q-001" with 100 pieces of article "WT-XP3" has to be created.passed
And the target location is "H01-KLAER"-"K-101"..............................passed
And the artvar is "1" and stock type is "AV" and lock type is "------" and QC status is "00" and customs status is "00".passed
And CREQU is called.........................................................passed
And CREQU was successful, saved as "Qu"; transaction saved as "Transaction".passed
When CHASC is used to change quantum ="Qu" with stock type ="AV" and lock type ="MALOCK".passed
And CHASC input has: idQuantum = null.......................................passed
And CHASC is called.........................................................passed
Then WEBSERVICE fails: error = "BEND-0005"..................................passed
Then delete quantum "Qu"....................................................passed
]]></system-out>
    </testcase>
    <testcase classname="IM.013-001: inventory/transaction/chasc - Inventory CHASC input validation" name="IM.013-001-0010: CHASC fails, if qtyType is null" time="0.174">
        <system-out><![CDATA[Given set global: idSite = "RL1", idClient = "RK2"..........................passed
Given a quantum from storage location "QUELLE-LAG"-"Q-001" with 100 pieces of article "WT-XP3" has to be created.passed
And the target location is "H01-KLAER"-"K-101"..............................passed
And the artvar is "1" and stock type is "AV" and lock type is "------" and QC status is "00" and customs status is "00".passed
And CREQU is called.........................................................passed
And CREQU was successful, saved as "Qu"; transaction saved as "Transaction".passed
When CHASC is used to change quantum ="Qu" with stock type ="AV" and lock type ="MALOCK".passed
And CHASC input has: qtyType = null.........................................passed
And CHASC is called.........................................................passed
Then WEBSERVICE fails: error = "IM-0804"....................................passed
Then delete quantum "Qu"....................................................passed
]]></system-out>
    </testcase>
    <testcase classname="IM.013-001: inventory/transaction/chasc - Inventory CHASC input validation" name="IM.013-001-0011: CHASC fails, if qtyMoved  is -1 or 0" time="0.211">
        <system-out><![CDATA[Given set global: idSite = "RL1", idClient = "RK2"..........................passed
Given a quantum from storage location "QUELLE-LAG"-"Q-001" with 100 pieces of article "WT-XP3" has to be created.passed
And the target location is "H01-KLAER"-"K-101"..............................passed
And the artvar is "1" and stock type is "AV" and lock type is "------" and QC status is "00" and customs status is "00".passed
And CREQU is called.........................................................passed
And CREQU was successful, saved as "Qu"; transaction saved as "Transaction".passed
When CHASC is used to change quantum ="Qu" with stock type ="AV" and lock type ="MALOCK".passed
And CHASC input has: qtyMoved = -1..........................................passed
And CHASC is called.........................................................passed
Then WEBSERVICE fails: error = "IM-0810"....................................passed
Then delete quantum "Qu"....................................................passed
]]></system-out>
    </testcase>
    <testcase classname="IM.013-001: inventory/transaction/chasc - Inventory CHASC input validation" name="IM.013-001-0011: CHASC fails, if qtyMoved  is -1 or 0 2" time="0.17">
        <system-out><![CDATA[Given set global: idSite = "RL1", idClient = "RK2"..........................passed
Given a quantum from storage location "QUELLE-LAG"-"Q-001" with 100 pieces of article "WT-XP3" has to be created.passed
And the target location is "H01-KLAER"-"K-101"..............................passed
And the artvar is "1" and stock type is "AV" and lock type is "------" and QC status is "00" and customs status is "00".passed
And CREQU is called.........................................................passed
And CREQU was successful, saved as "Qu"; transaction saved as "Transaction".passed
When CHASC is used to change quantum ="Qu" with stock type ="AV" and lock type ="MALOCK".passed
And CHASC input has: qtyMoved = 0...........................................passed
And CHASC is called.........................................................passed
Then WEBSERVICE fails: error = "IM-0810"....................................passed
Then delete quantum "Qu"....................................................passed
]]></system-out>
    </testcase>
    <testcase classname="IM.013-001: inventory/transaction/chasc - Inventory CHASC input validation" name="IM.013-001-0012: CHASC fails, if typStock is null or invalid(e.g. &quot;TST&quot;)" time="0.171">
        <system-out><![CDATA[Given set global: idSite = "RL1", idClient = "RK2"..........................passed
Given a quantum from storage location "QUELLE-LAG"-"Q-001" with 100 pieces of article "WT-XP3" has to be created.passed
And the target location is "H01-KLAER"-"K-101"..............................passed
And the artvar is "1" and stock type is "AV" and lock type is "------" and QC status is "00" and customs status is "00".passed
And CREQU is called.........................................................passed
And CREQU was successful, saved as "Qu"; transaction saved as "Transaction".passed
When CHASC is used to change quantum ="Qu" with stock type ="AV" and lock type ="MALOCK".passed
And CHASC input has: typStock = null........................................passed
And CHASC is called.........................................................passed
Then WEBSERVICE fails: error = "IM-0814"....................................passed
Then delete quantum "Qu"....................................................passed
]]></system-out>
    </testcase>
    <testcase classname="IM.013-001: inventory/transaction/chasc - Inventory CHASC input validation" name="IM.013-001-0012: CHASC fails, if typStock is null or invalid(e.g. &quot;TST&quot;) 2" time="0.192">
        <system-out><![CDATA[Given set global: idSite = "RL1", idClient = "RK2"..........................passed
Given a quantum from storage location "QUELLE-LAG"-"Q-001" with 100 pieces of article "WT-XP3" has to be created.passed
And the target location is "H01-KLAER"-"K-101"..............................passed
And the artvar is "1" and stock type is "AV" and lock type is "------" and QC status is "00" and customs status is "00".passed
And CREQU is called.........................................................passed
And CREQU was successful, saved as "Qu"; transaction saved as "Transaction".passed
When CHASC is used to change quantum ="Qu" with stock type ="AV" and lock type ="MALOCK".passed
And CHASC input has: typStock = "TST".......................................passed
And CHASC is called.........................................................passed
Then WEBSERVICE fails: error = "BWM-0002"...................................passed
Then delete quantum "Qu"....................................................passed
]]></system-out>
    </testcase>
    <testcase classname="IM.013-001: inventory/transaction/chasc - Inventory CHASC input validation" name="IM.013-001-0013: CHASC fails, if typLock is null or invalid(e.g. &quot;TST&quot;)" time="0.198">
        <system-out><![CDATA[Given set global: idSite = "RL1", idClient = "RK2"..........................passed
Given a quantum from storage location "QUELLE-LAG"-"Q-001" with 100 pieces of article "WT-XP3" has to be created.passed
And the target location is "H01-KLAER"-"K-101"..............................passed
And the artvar is "1" and stock type is "AV" and lock type is "------" and QC status is "00" and customs status is "00".passed
And CREQU is called.........................................................passed
And CREQU was successful, saved as "Qu"; transaction saved as "Transaction".passed
When CHASC is used to change quantum ="Qu" with stock type ="AV" and lock type ="MALOCK".passed
And CHASC input has: typLock = null.........................................passed
And CHASC is called.........................................................passed
Then WEBSERVICE fails: error = "IM-0813"....................................passed
Then delete quantum "Qu"....................................................passed
]]></system-out>
    </testcase>
    <testcase classname="IM.013-001: inventory/transaction/chasc - Inventory CHASC input validation" name="IM.013-001-0013: CHASC fails, if typLock is null or invalid(e.g. &quot;TST&quot;) 2" time="0.204">
        <system-out><![CDATA[Given set global: idSite = "RL1", idClient = "RK2"..........................passed
Given a quantum from storage location "QUELLE-LAG"-"Q-001" with 100 pieces of article "WT-XP3" has to be created.passed
And the target location is "H01-KLAER"-"K-101"..............................passed
And the artvar is "1" and stock type is "AV" and lock type is "------" and QC status is "00" and customs status is "00".passed
And CREQU is called.........................................................passed
And CREQU was successful, saved as "Qu"; transaction saved as "Transaction".passed
When CHASC is used to change quantum ="Qu" with stock type ="AV" and lock type ="MALOCK".passed
And CHASC input has: typLock = "TST"........................................passed
And CHASC is called.........................................................passed
Then WEBSERVICE fails: error = "BWM-0002"...................................passed
Then delete quantum "Qu"....................................................passed
]]></system-out>
    </testcase>
    <testcase classname="IM.013-001: inventory/transaction/chasc - Inventory CHASC input validation" name="IM.013-001-0014: CHASC fails, if statQualityControl is null or invalid(e.g. &quot;XX&quot;)" time="0.203">
        <system-out><![CDATA[Given set global: idSite = "RL1", idClient = "RK2"..........................passed
Given a quantum from storage location "QUELLE-LAG"-"Q-001" with 100 pieces of article "WT-XP3" has to be created.passed
And the target location is "H01-KLAER"-"K-101"..............................passed
And the artvar is "1" and stock type is "AV" and lock type is "------" and QC status is "00" and customs status is "00".passed
And CREQU is called.........................................................passed
And CREQU was successful, saved as "Qu"; transaction saved as "Transaction".passed
When CHASC is used to change quantum ="Qu" with stock type ="AV" and lock type ="MALOCK".passed
And CHASC input has: statQualityControl = null..............................passed
And CHASC is called.........................................................passed
Then WEBSERVICE fails: error = "IM-0811"....................................passed
Then delete quantum "Qu"....................................................passed
]]></system-out>
    </testcase>
    <testcase classname="IM.013-001: inventory/transaction/chasc - Inventory CHASC input validation" name="IM.013-001-0014: CHASC fails, if statQualityControl is null or invalid(e.g. &quot;XX&quot;) 2" time="0.221">
        <system-out><![CDATA[Given set global: idSite = "RL1", idClient = "RK2"..........................passed
Given a quantum from storage location "QUELLE-LAG"-"Q-001" with 100 pieces of article "WT-XP3" has to be created.passed
And the target location is "H01-KLAER"-"K-101"..............................passed
And the artvar is "1" and stock type is "AV" and lock type is "------" and QC status is "00" and customs status is "00".passed
And CREQU is called.........................................................passed
And CREQU was successful, saved as "Qu"; transaction saved as "Transaction".passed
When CHASC is used to change quantum ="Qu" with stock type ="AV" and lock type ="MALOCK".passed
And CHASC input has: statQualityControl = "XX"..............................passed
And CHASC is called.........................................................passed
Then WEBSERVICE fails: error = "BWM-0002"...................................passed
Then delete quantum "Qu"....................................................passed
]]></system-out>
    </testcase>
    <testcase classname="IM.013-001: inventory/transaction/chasc - Inventory CHASC input validation" name="IM.013-001-0015: CHASC fails, if statCustoms is null or invalid(e.g. &quot;XX&quot;)" time="0.419">
        <system-out><![CDATA[Given set global: idSite = "RL1", idClient = "RK2"..........................passed
Given a quantum from storage location "QUELLE-LAG"-"Q-001" with 100 pieces of article "WT-XP3" has to be created.passed
And the target location is "H01-KLAER"-"K-101"..............................passed
And the artvar is "1" and stock type is "AV" and lock type is "------" and QC status is "00" and customs status is "00".passed
And CREQU is called.........................................................passed
And CREQU was successful, saved as "Qu"; transaction saved as "Transaction".passed
When CHASC is used to change quantum ="Qu" with stock type ="AV" and lock type ="MALOCK".passed
And CHASC input has: statCustoms = null.....................................passed
And CHASC is called.........................................................passed
Then WEBSERVICE fails: error = "IM-0812"....................................passed
Then delete quantum "Qu"....................................................passed
]]></system-out>
    </testcase>
    <testcase classname="IM.013-001: inventory/transaction/chasc - Inventory CHASC input validation" name="IM.013-001-0015: CHASC fails, if statCustoms is null or invalid(e.g. &quot;XX&quot;) 2" time="0.256">
        <system-out><![CDATA[Given set global: idSite = "RL1", idClient = "RK2"..........................passed
Given a quantum from storage location "QUELLE-LAG"-"Q-001" with 100 pieces of article "WT-XP3" has to be created.passed
And the target location is "H01-KLAER"-"K-101"..............................passed
And the artvar is "1" and stock type is "AV" and lock type is "------" and QC status is "00" and customs status is "00".passed
And CREQU is called.........................................................passed
And CREQU was successful, saved as "Qu"; transaction saved as "Transaction".passed
When CHASC is used to change quantum ="Qu" with stock type ="AV" and lock type ="MALOCK".passed
And CHASC input has: statCustoms = "XX".....................................passed
And CHASC is called.........................................................passed
Then WEBSERVICE fails: error = "BWM-0002"...................................passed
Then delete quantum "Qu"....................................................passed
]]></system-out>
    </testcase>
    <testcase classname="IM.013-001: inventory/transaction/chasc - Inventory CHASC input validation" name="IM.013-001-0016: CHASC fails, if special stock type and ID combination are not allowed" time="0.256">
        <system-out><![CDATA[Given set global: idSite = "RL1", idClient = "RK2"..........................passed
Given a quantum from storage location "QUELLE-LAG"-"Q-001" with 100 pieces of article "WT-XP3" has to be created.passed
And the target location is "H01-KLAER"-"K-101"..............................passed
And the artvar is "1" and stock type is "AV" and lock type is "------" and QC status is "00" and customs status is "00".passed
And CREQU is called.........................................................passed
And CREQU was successful, saved as "Qu"; transaction saved as "Transaction".passed
When CHASC is used to change quantum ="Qu" with stock type ="AV" and lock type ="MALOCK".passed
And CHASC input has: specialTypStock = "CUST" and idSpecialTypStock = null..passed
And CHASC is called.........................................................passed
Then WEBSERVICE fails: error = "IM-0013"....................................passed
Then delete quantum "Qu"....................................................passed
]]></system-out>
    </testcase>
    <testcase classname="IM.013-001: inventory/transaction/chasc - Inventory CHASC input validation" name="IM.013-001-0016: CHASC fails, if special stock type and ID combination are not allowed 2" time="0.18">
        <system-out><![CDATA[Given set global: idSite = "RL1", idClient = "RK2"..........................passed
Given a quantum from storage location "QUELLE-LAG"-"Q-001" with 100 pieces of article "WT-XP3" has to be created.passed
And the target location is "H01-KLAER"-"K-101"..............................passed
And the artvar is "1" and stock type is "AV" and lock type is "------" and QC status is "00" and customs status is "00".passed
And CREQU is called.........................................................passed
And CREQU was successful, saved as "Qu"; transaction saved as "Transaction".passed
When CHASC is used to change quantum ="Qu" with stock type ="AV" and lock type ="MALOCK".passed
And CHASC input has: specialTypStock = "SUPP" and idSpecialTypStock = null..passed
And CHASC is called.........................................................passed
Then WEBSERVICE fails: error = "IM-0013"....................................passed
Then delete quantum "Qu"....................................................passed
]]></system-out>
    </testcase>
    <testcase classname="IM.013-001: inventory/transaction/chasc - Inventory CHASC input validation" name="IM.013-001-0016: CHASC fails, if special stock type and ID combination are not allowed 3" time="0.203">
        <system-out><![CDATA[Given set global: idSite = "RL1", idClient = "RK2"..........................passed
Given a quantum from storage location "QUELLE-LAG"-"Q-001" with 100 pieces of article "WT-XP3" has to be created.passed
And the target location is "H01-KLAER"-"K-101"..............................passed
And the artvar is "1" and stock type is "AV" and lock type is "------" and QC status is "00" and customs status is "00".passed
And CREQU is called.........................................................passed
And CREQU was successful, saved as "Qu"; transaction saved as "Transaction".passed
When CHASC is used to change quantum ="Qu" with stock type ="AV" and lock type ="MALOCK".passed
And CHASC input has: specialTypStock = "XX" and idSpecialTypStock = "456789".passed
And CHASC is called.........................................................passed
Then WEBSERVICE fails: error = "BWM-0002"...................................passed
Then delete quantum "Qu"....................................................passed
]]></system-out>
    </testcase>
    <testcase classname="IM.013-001: inventory/transaction/chasc - Inventory CHASC input validation" name="IM.013-001-0016: CHASC fails, if special stock type and ID combination are not allowed 4" time="0.164">
        <system-out><![CDATA[Given set global: idSite = "RL1", idClient = "RK2"..........................passed
Given a quantum from storage location "QUELLE-LAG"-"Q-001" with 100 pieces of article "WT-XP3" has to be created.passed
And the target location is "H01-KLAER"-"K-101"..............................passed
And the artvar is "1" and stock type is "AV" and lock type is "------" and QC status is "00" and customs status is "00".passed
And CREQU is called.........................................................passed
And CREQU was successful, saved as "Qu"; transaction saved as "Transaction".passed
When CHASC is used to change quantum ="Qu" with stock type ="AV" and lock type ="MALOCK".passed
And CHASC input has: specialTypStock = null and idSpecialTypStock = "456789".passed
And CHASC is called.........................................................passed
Then WEBSERVICE fails: error = "IM-0013"....................................passed
Then delete quantum "Qu"....................................................passed
]]></system-out>
    </testcase>
    <testcase classname="IM.013-001: inventory/transaction/chasc - Inventory CHASC input validation" name="IM.013-001-0018: the moved quantity-AVAILABLE is greater than the available quantity of the quantum" time="0.195">
        <system-out><![CDATA[Given set global: idSite = "RL1", idClient = "RK2"..........................passed
Given a quantum from storage location "QUELLE-LAG"-"Q-001" with 100 pieces of article "WT-XP3" has to be created.passed
And the target location is "H01-KLAER"-"K-101"..............................passed
And the artvar is "1" and stock type is "AV" and lock type is "------" and QC status is "00" and customs status is "00".passed
And CREQU is called.........................................................passed
And CREQU was successful, saved as "Qu"; transaction saved as "Transaction".passed
When CHASC is used to change quantum ="Qu" with qtyType ="AVAILABLE" and qtyMoved = 100000.passed
And CHASC is called.........................................................passed
Then WEBSERVICE fails: error = "IM-0036"....................................passed
Then delete quantum "Qu"....................................................passed
]]></system-out>
    </testcase>
    <testcase classname="IM.013-001: inventory/transaction/chasc - Inventory CHASC input validation" name="IM.013-001-0019: the moved quantity-RESERVED is greater than the available quantity of the quantum" time="0.185">
        <system-out><![CDATA[Given set global: idSite = "RL1", idClient = "RK2"..........................passed
Given a quantum from storage location "QUELLE-LAG"-"Q-001" with 100 pieces of article "WT-XP3" has to be created.passed
And the target location is "H01-KLAER"-"K-101"..............................passed
And the artvar is "1" and stock type is "AV" and lock type is "------" and QC status is "00" and customs status is "00".passed
And CREQU is called.........................................................passed
And CREQU was successful, saved as "Qu"; transaction saved as "Transaction".passed
When CHASC is used to change quantum ="Qu" with qtyType ="RESERVED" and qtyMoved = 101.passed
And CHASC is called.........................................................passed
Then WEBSERVICE fails: error = "IM-0037"....................................passed
Then delete quantum "Qu"....................................................passed
]]></system-out>
    </testcase>
    <testcase classname="IM.013-001: inventory/transaction/chasc - Inventory CHASC input validation" name="IM.013-001-0020: Invalid Batch Input" time="0.19">
        <system-out><![CDATA[Given set global: idSite = "RL1", idClient = "RK2"..........................passed
Given a quantum from storage location "QUELLE-LAG"-"Q-001" with 100 pieces of article "WT-XP3" has to be created.passed
And the target location is "H01-KLAER"-"K-101"..............................passed
And the artvar is "1" and stock type is "AV" and lock type is "------" and QC status is "00" and customs status is "00".passed
And CREQU is called.........................................................passed
And CREQU was successful, saved as "Qu"; transaction saved as "Transaction".passed
When CHASC is used to change quantum ="Qu" with stock type ="AV" and lock type ="MALOCK".passed
And CHASC input has: batch = "456789".......................................passed
And CHASC is called.........................................................passed
Then WEBSERVICE fails: error = "IM-0040"....................................passed
Then delete quantum "Qu"....................................................passed
]]></system-out>
    </testcase>
    <testcase classname="IM.013-001: inventory/transaction/chasc - Inventory CHASC input validation" name="IM.013-001-0020: Invalid Batch Input 2" time="0.196">
        <system-out><![CDATA[Given set global: idSite = "RL1", idClient = "RK2"..........................passed
Given a quantum from storage location "QUELLE-LAG"-"Q-001" with 100 pieces of article "WL-BG2" has to be created.passed
And the target location is "H01-KLAER"-"K-101"..............................passed
And the artvar is "1" and stock type is "AV" and lock type is "------" and QC status is "00" and customs status is "00".passed
And CREQU is called.........................................................passed
And CREQU was successful, saved as "Qu"; transaction saved as "Transaction".passed
When CHASC is used to change quantum ="Qu" with stock type ="AV" and lock type ="MALOCK".passed
And CHASC input has: batch = "456789".......................................passed
And CHASC is called.........................................................passed
Then WEBSERVICE fails: error = "IM-0040"....................................passed
Then delete quantum "Qu"....................................................passed
]]></system-out>
    </testcase>
    <testcase classname="IM.013-001: inventory/transaction/chasc - Inventory CHASC input validation" name="IM.013-001-0020: Invalid Batch Input 3" time="0.182">
        <system-out><![CDATA[Given set global: idSite = "RL1", idClient = "RK2"..........................passed
Given a quantum from storage location "QUELLE-LAG"-"Q-001" with 100 pieces of article "V5-I68" has to be created.passed
And the target location is "H01-KLAER"-"K-101"..............................passed
And the artvar is "1" and stock type is "AV" and lock type is "------" and QC status is "00" and customs status is "00".passed
And CREQU is called.........................................................passed
And CREQU was successful, saved as "Qu"; transaction saved as "Transaction".passed
When CHASC is used to change quantum ="Qu" with stock type ="AV" and lock type ="MALOCK".passed
And CHASC input has: batch = "456789".......................................passed
And CHASC is called.........................................................passed
Then WEBSERVICE fails: error = "IM-0040"....................................passed
Then delete quantum "Qu"....................................................passed
]]></system-out>
    </testcase>
    <testcase classname="IM.013-001: inventory/transaction/chasc - Inventory CHASC input validation" name="IM.013-001-0021: Invalid Batch Input" time="0.316">
        <system-out><![CDATA[Given set global: idSite = "RL1", idClient = "RK2"..........................passed
Given a quantum from storage location "QUELLE-LAG"-"Q-001" with 100 pieces of article "WR-211E" has to be created.passed
And the target location is "H01-KLAER"-"K-101"..............................passed
And the artvar is "1" and stock type is "AV" and lock type is "------" and QC status is "00" and customs status is "00".passed
And create batch "789456" for idArticle = "WR-211E" saved as "Batch[0]" with tsBbd null.passed
And BBD is 2025/01/01 and batch is "Batch[0]"...............................passed
And CREQU is called.........................................................passed
And CREQU was successful, saved as "Qu"; transaction saved as "Transaction".passed
When CHASC is used to change quantum ="Qu" with stock type ="AV" and lock type ="MALOCK".passed
And CHASC input has: batch = null...........................................passed
And CHASC is called.........................................................passed
Then WEBSERVICE fails: error = "IM-0015"....................................passed
Then delete quantum "Qu"....................................................passed
]]></system-out>
    </testcase>
    <testcase classname="IM.013-001: inventory/transaction/chasc - Inventory CHASC input validation" name="IM.013-001-0021: Invalid Batch Input 2" time="0.244">
        <system-out><![CDATA[Given set global: idSite = "RL1", idClient = "RK2"..........................passed
Given a quantum from storage location "QUELLE-LAG"-"Q-001" with 100 pieces of article "DC-270" has to be created.passed
And the target location is "H01-KLAER"-"K-101"..............................passed
And the artvar is "1" and stock type is "AV" and lock type is "------" and QC status is "00" and customs status is "00".passed
And create batch "789456" for idArticle = "DC-270" saved as "Batch[0]" with tsBbd null.passed
And BBD is 2025/01/01 and batch is "Batch[0]"...............................passed
And CREQU is called.........................................................passed
And CREQU was successful, saved as "Qu"; transaction saved as "Transaction".passed
When CHASC is used to change quantum ="Qu" with stock type ="AV" and lock type ="MALOCK".passed
And CHASC input has: batch = null...........................................passed
And CHASC is called.........................................................passed
Then WEBSERVICE fails: error = "IM-0015"....................................passed
Then delete quantum "Qu"....................................................passed
]]></system-out>
    </testcase>
    <testcase classname="IM.013-001: inventory/transaction/chasc - Inventory CHASC input validation" name="IM.013-001-0022: Invalid Artvar Input" time="0.217">
        <system-out><![CDATA[Given set global: idSite = "RL1", idClient = "RK2"..........................passed
Given a quantum from storage location "QUELLE-LAG"-"Q-001" with 100 pieces of article "WT-XP3" has to be created.passed
And the target location is "H01-KLAER"-"K-101"..............................passed
And the artvar is "1" and stock type is "AV" and lock type is "------" and QC status is "00" and customs status is "00".passed
And CREQU is called.........................................................passed
And CREQU was successful, saved as "Qu"; transaction saved as "Transaction".passed
When CHASC is used to change quantum ="Qu" with stock type ="AV" and lock type ="MALOCK".passed
And CHASC input has: artvar = null..........................................passed
And CHASC is called.........................................................passed
Then WEBSERVICE fails: error = "IM-0816"....................................passed
Then delete quantum "Qu"....................................................passed
]]></system-out>
    </testcase>
    <testcase classname="IM.013-001: inventory/transaction/chasc - Inventory CHASC input validation" name="IM.013-001-0022: Invalid Artvar Input 2" time="0.197">
        <system-out><![CDATA[Given set global: idSite = "RL1", idClient = "RK2"..........................passed
Given a quantum from storage location "QUELLE-LAG"-"Q-001" with 100 pieces of article "WL-BG2" has to be created.passed
And the target location is "H01-KLAER"-"K-101"..............................passed
And the artvar is "1" and stock type is "AV" and lock type is "------" and QC status is "00" and customs status is "00".passed
And CREQU is called.........................................................passed
And CREQU was successful, saved as "Qu"; transaction saved as "Transaction".passed
When CHASC is used to change quantum ="Qu" with stock type ="AV" and lock type ="MALOCK".passed
And CHASC input has: artvar = null..........................................passed
And CHASC is called.........................................................passed
Then WEBSERVICE fails: error = "IM-0816"....................................passed
Then delete quantum "Qu"....................................................passed
]]></system-out>
    </testcase>
    <testcase classname="IM.013-001: inventory/transaction/chasc - Inventory CHASC input validation" name="IM.013-001-0022: Invalid Artvar Input 3" time="0.235">
        <system-out><![CDATA[Given set global: idSite = "RL1", idClient = "RK2"..........................passed
Given a quantum from storage location "QUELLE-LAG"-"Q-001" with 100 pieces of article "V5-I68" has to be created.passed
And the target location is "H01-KLAER"-"K-101"..............................passed
And the artvar is "1" and stock type is "AV" and lock type is "------" and QC status is "00" and customs status is "00".passed
And CREQU is called.........................................................passed
And CREQU was successful, saved as "Qu"; transaction saved as "Transaction".passed
When CHASC is used to change quantum ="Qu" with stock type ="AV" and lock type ="MALOCK".passed
And CHASC input has: artvar = null..........................................passed
And CHASC is called.........................................................passed
Then WEBSERVICE fails: error = "IM-0816"....................................passed
Then delete quantum "Qu"....................................................passed
]]></system-out>
    </testcase>
    <testcase classname="IM.013-001: inventory/transaction/chasc - Inventory CHASC input validation" name="IM.013-001-0023: the quantity is a decimal number and the article only allows integers → IM_0079" time="0.179">
        <system-out><![CDATA[Given set global: idSite = "RL1", idClient = "RK2"..........................passed
Given a quantum from storage location "QUELLE-LAG"-"Q-001" with 100 pieces of article "WT-XP3" has to be created.passed
And the target location is "H01-KLAER"-"K-101"..............................passed
And the artvar is "1" and stock type is "AV" and lock type is "------" and QC status is "00" and customs status is "00".passed
And CREQU is called.........................................................passed
And CREQU was successful, saved as "Qu"; transaction saved as "Transaction".passed
When CHASC is used to change quantum ="Qu" with qtyType = "AVAILABLE" and qtyMoved = 0.2.passed
And CHASC is called.........................................................passed
Then WEBSERVICE fails: error = "IM-0079"....................................passed
Then delete quantum "Qu"....................................................passed
]]></system-out>
    </testcase>
    <testcase classname="IM.013-001: inventory/transaction/chasc - Inventory CHASC input validation" name="IM.013-001-0023: the quantity is a decimal number and the article only allows integers → IM_0079 2" time="0.177">
        <system-out><![CDATA[Given set global: idSite = "RL1", idClient = "RK2"..........................passed
Given a quantum from storage location "QUELLE-LAG"-"Q-001" with 100 pieces of article "WL-BG2" has to be created.passed
And the target location is "H01-KLAER"-"K-101"..............................passed
And the artvar is "1" and stock type is "AV" and lock type is "------" and QC status is "00" and customs status is "00".passed
And CREQU is called.........................................................passed
And CREQU was successful, saved as "Qu"; transaction saved as "Transaction".passed
When CHASC is used to change quantum ="Qu" with qtyType = "AVAILABLE" and qtyMoved = 0.2.passed
And CHASC is called.........................................................passed
Then WEBSERVICE fails: error = "IM-0079"....................................passed
Then delete quantum "Qu"....................................................passed
]]></system-out>
    </testcase>
    <testcase classname="IM.013-001: inventory/transaction/chasc - Chasc Separation Criteria" name="IM.013-001-0017: CHASC fails, if separation criteria is invalid" time="0.194">
        <system-out><![CDATA[Given set global: idSite = "RL1", idClient = "RK1"..........................passed
Given a quantum from storage location "QUELLE-LAG"-"Q-001" with 100 pieces of article "40067005" has to be created.passed
And the target location is "H01-KLAER"-"K-101"..............................passed
And the artvar is "1" and stock type is "AV" and lock type is "------" and QC status is "00" and customs status is "00".passed
And CREQU is called.........................................................passed
And CREQU was successful, saved as "Qu"; transaction saved as "Transaction".passed
When CHASC is used to change quantum ="Qu" with stock type ="AV" and lock type ="MALOCK".passed
And CHASC input has: sepCrit01 = null, sepCrit02 = null.....................passed
And CHASC is called.........................................................passed
Then WEBSERVICE fails: error = "BWM-0004"...................................passed
Then delete quantum "Qu"....................................................passed
]]></system-out>
    </testcase>
    <testcase classname="IM.013-001: inventory/transaction/chasc - Chasc Separation Criteria" name="IM.013-001-0017: CHASC fails, if separation criteria is invalid 2" time="0.163">
        <system-out><![CDATA[Given set global: idSite = "RL1", idClient = "RK1"..........................passed
Given a quantum from storage location "QUELLE-LAG"-"Q-001" with 100 pieces of article "40067005" has to be created.passed
And the target location is "H01-KLAER"-"K-101"..............................passed
And the artvar is "1" and stock type is "AV" and lock type is "------" and QC status is "00" and customs status is "00".passed
And CREQU is called.........................................................passed
And CREQU was successful, saved as "Qu"; transaction saved as "Transaction".passed
When CHASC is used to change quantum ="Qu" with stock type ="AV" and lock type ="MALOCK".passed
And CHASC input has: sepCrit01 = "0011", sepCrit02 = null...................passed
And CHASC is called.........................................................passed
Then WEBSERVICE fails: error = "BWM-0004"...................................passed
Then delete quantum "Qu"....................................................passed
]]></system-out>
    </testcase>
    <testcase classname="IM.013-001: inventory/transaction/chasc - Chasc Separation Criteria" name="IM.013-001-0017: CHASC fails, if separation criteria is invalid 3" time="0.186">
        <system-out><![CDATA[Given set global: idSite = "RL1", idClient = "RK1"..........................passed
Given a quantum from storage location "QUELLE-LAG"-"Q-001" with 100 pieces of article "40067005" has to be created.passed
And the target location is "H01-KLAER"-"K-101"..............................passed
And the artvar is "1" and stock type is "AV" and lock type is "------" and QC status is "00" and customs status is "00".passed
And CREQU is called.........................................................passed
And CREQU was successful, saved as "Qu"; transaction saved as "Transaction".passed
When CHASC is used to change quantum ="Qu" with stock type ="AV" and lock type ="MALOCK".passed
And CHASC input has: sepCrit01 = null, sepCrit02 = "0220"...................passed
And CHASC is called.........................................................passed
Then WEBSERVICE fails: error = "BWM-0004"...................................passed
Then delete quantum "Qu"....................................................passed
]]></system-out>
    </testcase>
</testsuite>
